2025-03-19 18:12:38,410 - root - INFO - Starting analysis for all metrics
2025-03-19 18:12:38,411 - root - INFO - Loading enhanced dashboard queries from /Users/rg/Tsf/transparentSF/ai/data/dashboard/dashboard_queries_enhanced.json
2025-03-19 18:12:38,411 - root - INFO - Found 17 metrics to analyze
2025-03-19 18:12:38,411 - root - INFO - Processing metric 1/17: 1
2025-03-19 18:12:38,411 - root - INFO - Running analysis for metric ID: 1, period: both
2025-03-19 18:12:38,453 - root - ERROR - Error running analysis for metric ID: 1
2025-03-19 18:12:38,453 - root - ERROR - Error output: /Users/rg/Tsf/transparentSF/.venv/bin/python: can't open file '/Users/rg/Tsf/transparentSF/generate_metric_analysis.py': [Errno 2] No such file or directory

2025-03-19 18:12:39,457 - root - INFO - Processing metric 2/17: 2
2025-03-19 18:12:39,457 - root - INFO - Running analysis for metric ID: 2, period: both
2025-03-19 18:12:39,498 - root - ERROR - Error running analysis for metric ID: 2
2025-03-19 18:12:39,498 - root - ERROR - Error output: /Users/rg/Tsf/transparentSF/.venv/bin/python: can't open file '/Users/rg/Tsf/transparentSF/generate_metric_analysis.py': [Errno 2] No such file or directory

2025-03-19 18:12:40,502 - root - INFO - Processing metric 3/17: 3
2025-03-19 18:12:40,503 - root - INFO - Running analysis for metric ID: 3, period: both
2025-03-19 18:12:40,567 - root - ERROR - Error running analysis for metric ID: 3
2025-03-19 18:12:40,567 - root - ERROR - Error output: /Users/rg/Tsf/transparentSF/.venv/bin/python: can't open file '/Users/rg/Tsf/transparentSF/generate_metric_analysis.py': [Errno 2] No such file or directory

2025-03-19 18:12:41,571 - root - INFO - Processing metric 4/17: 4
2025-03-19 18:12:41,571 - root - INFO - Running analysis for metric ID: 4, period: both
2025-03-19 18:12:41,628 - root - ERROR - Error running analysis for metric ID: 4
2025-03-19 18:12:41,629 - root - ERROR - Error output: /Users/rg/Tsf/transparentSF/.venv/bin/python: can't open file '/Users/rg/Tsf/transparentSF/generate_metric_analysis.py': [Errno 2] No such file or directory

2025-03-19 18:12:42,631 - root - INFO - Processing metric 5/17: 5
2025-03-19 18:12:42,632 - root - INFO - Running analysis for metric ID: 5, period: both
2025-03-19 18:12:42,694 - root - ERROR - Error running analysis for metric ID: 5
2025-03-19 18:12:42,694 - root - ERROR - Error output: /Users/rg/Tsf/transparentSF/.venv/bin/python: can't open file '/Users/rg/Tsf/transparentSF/generate_metric_analysis.py': [Errno 2] No such file or directory

2025-03-19 18:12:43,700 - root - INFO - Processing metric 6/17: 6
2025-03-19 18:12:43,700 - root - INFO - Running analysis for metric ID: 6, period: both
2025-03-19 18:12:43,768 - root - ERROR - Error running analysis for metric ID: 6
2025-03-19 18:12:43,768 - root - ERROR - Error output: /Users/rg/Tsf/transparentSF/.venv/bin/python: can't open file '/Users/rg/Tsf/transparentSF/generate_metric_analysis.py': [Errno 2] No such file or directory

2025-03-19 18:12:44,769 - root - INFO - Processing metric 7/17: 7
2025-03-19 18:12:44,770 - root - INFO - Running analysis for metric ID: 7, period: both
2025-03-19 18:12:44,811 - root - ERROR - Error running analysis for metric ID: 7
2025-03-19 18:12:44,811 - root - ERROR - Error output: /Users/rg/Tsf/transparentSF/.venv/bin/python: can't open file '/Users/rg/Tsf/transparentSF/generate_metric_analysis.py': [Errno 2] No such file or directory

2025-03-19 18:12:45,816 - root - INFO - Processing metric 8/17: 8
2025-03-19 18:12:45,817 - root - INFO - Running analysis for metric ID: 8, period: both
2025-03-19 18:12:45,879 - root - ERROR - Error running analysis for metric ID: 8
2025-03-19 18:12:45,880 - root - ERROR - Error output: /Users/rg/Tsf/transparentSF/.venv/bin/python: can't open file '/Users/rg/Tsf/transparentSF/generate_metric_analysis.py': [Errno 2] No such file or directory

2025-03-19 18:12:46,885 - root - INFO - Processing metric 9/17: 9
2025-03-19 18:12:46,885 - root - INFO - Running analysis for metric ID: 9, period: both
2025-03-19 18:12:46,939 - root - ERROR - Error running analysis for metric ID: 9
2025-03-19 18:12:46,939 - root - ERROR - Error output: /Users/rg/Tsf/transparentSF/.venv/bin/python: can't open file '/Users/rg/Tsf/transparentSF/generate_metric_analysis.py': [Errno 2] No such file or directory

2025-03-19 18:12:47,944 - root - INFO - Processing metric 10/17: 10
2025-03-19 18:12:47,945 - root - INFO - Running analysis for metric ID: 10, period: both
2025-03-19 18:12:48,006 - root - ERROR - Error running analysis for metric ID: 10
2025-03-19 18:12:48,006 - root - ERROR - Error output: /Users/rg/Tsf/transparentSF/.venv/bin/python: can't open file '/Users/rg/Tsf/transparentSF/generate_metric_analysis.py': [Errno 2] No such file or directory

2025-03-19 18:12:49,010 - root - INFO - Processing metric 11/17: 11
2025-03-19 18:12:49,011 - root - INFO - Running analysis for metric ID: 11, period: both
2025-03-19 18:12:49,070 - root - ERROR - Error running analysis for metric ID: 11
2025-03-19 18:12:49,070 - root - ERROR - Error output: /Users/rg/Tsf/transparentSF/.venv/bin/python: can't open file '/Users/rg/Tsf/transparentSF/generate_metric_analysis.py': [Errno 2] No such file or directory

2025-03-19 18:12:50,076 - root - INFO - Processing metric 12/17: 12
2025-03-19 18:12:50,076 - root - INFO - Running analysis for metric ID: 12, period: both
2025-03-19 18:12:50,142 - root - ERROR - Error running analysis for metric ID: 12
2025-03-19 18:12:50,142 - root - ERROR - Error output: /Users/rg/Tsf/transparentSF/.venv/bin/python: can't open file '/Users/rg/Tsf/transparentSF/generate_metric_analysis.py': [Errno 2] No such file or directory

2025-03-19 18:12:51,146 - root - INFO - Processing metric 13/17: 13
2025-03-19 18:12:51,146 - root - INFO - Running analysis for metric ID: 13, period: both
2025-03-19 18:12:51,200 - root - ERROR - Error running analysis for metric ID: 13
2025-03-19 18:12:51,200 - root - ERROR - Error output: /Users/rg/Tsf/transparentSF/.venv/bin/python: can't open file '/Users/rg/Tsf/transparentSF/generate_metric_analysis.py': [Errno 2] No such file or directory

2025-03-19 18:12:52,206 - root - INFO - Processing metric 14/17: 14
2025-03-19 18:12:52,206 - root - INFO - Running analysis for metric ID: 14, period: both
2025-03-19 18:12:52,275 - root - ERROR - Error running analysis for metric ID: 14
2025-03-19 18:12:52,275 - root - ERROR - Error output: /Users/rg/Tsf/transparentSF/.venv/bin/python: can't open file '/Users/rg/Tsf/transparentSF/generate_metric_analysis.py': [Errno 2] No such file or directory

2025-03-19 18:12:53,278 - root - INFO - Processing metric 15/17: 15
2025-03-19 18:12:53,279 - root - INFO - Running analysis for metric ID: 15, period: both
2025-03-19 18:12:53,344 - root - ERROR - Error running analysis for metric ID: 15
2025-03-19 18:12:53,344 - root - ERROR - Error output: /Users/rg/Tsf/transparentSF/.venv/bin/python: can't open file '/Users/rg/Tsf/transparentSF/generate_metric_analysis.py': [Errno 2] No such file or directory

2025-03-19 18:12:54,349 - root - INFO - Processing metric 16/17: 16
2025-03-19 18:12:54,350 - root - INFO - Running analysis for metric ID: 16, period: both
2025-03-19 18:12:54,409 - root - ERROR - Error running analysis for metric ID: 16
2025-03-19 18:12:54,410 - root - ERROR - Error output: /Users/rg/Tsf/transparentSF/.venv/bin/python: can't open file '/Users/rg/Tsf/transparentSF/generate_metric_analysis.py': [Errno 2] No such file or directory

2025-03-19 18:12:55,412 - root - INFO - Processing metric 17/17: 17
2025-03-19 18:12:55,413 - root - INFO - Running analysis for metric ID: 17, period: both
2025-03-19 18:12:55,478 - root - ERROR - Error running analysis for metric ID: 17
2025-03-19 18:12:55,479 - root - ERROR - Error output: /Users/rg/Tsf/transparentSF/.venv/bin/python: can't open file '/Users/rg/Tsf/transparentSF/generate_metric_analysis.py': [Errno 2] No such file or directory

2025-03-19 18:12:56,484 - root - INFO - Completed all analyses. Successful: 0, Failed: 17
2025-03-19 18:13:58,285 - root - INFO - Starting analysis for all metrics
2025-03-19 18:13:58,286 - root - INFO - Loading enhanced dashboard queries from /Users/rg/Tsf/transparentSF/ai/data/dashboard/dashboard_queries_enhanced.json
2025-03-19 18:13:58,286 - root - INFO - Found 17 metrics to analyze
2025-03-19 18:13:58,286 - root - INFO - Processing metric 1/17: 1
2025-03-19 18:13:58,286 - root - INFO - Running analysis for metric ID: 1, period: both
2025-03-19 18:13:58,326 - root - ERROR - Error running analysis for metric ID: 1
2025-03-19 18:13:58,327 - root - ERROR - Error output: /Users/rg/Tsf/transparentSF/.venv/bin/python: can't open file '/Users/rg/Tsf/transparentSF/generate_metric_analysis.py': [Errno 2] No such file or directory

2025-03-19 18:13:59,328 - root - INFO - Processing metric 2/17: 2
2025-03-19 18:13:59,328 - root - INFO - Running analysis for metric ID: 2, period: both
2025-03-19 18:13:59,370 - root - ERROR - Error running analysis for metric ID: 2
2025-03-19 18:13:59,370 - root - ERROR - Error output: /Users/rg/Tsf/transparentSF/.venv/bin/python: can't open file '/Users/rg/Tsf/transparentSF/generate_metric_analysis.py': [Errno 2] No such file or directory

2025-03-19 18:14:00,372 - root - INFO - Processing metric 3/17: 3
2025-03-19 18:14:00,372 - root - INFO - Running analysis for metric ID: 3, period: both
2025-03-19 18:14:00,435 - root - ERROR - Error running analysis for metric ID: 3
2025-03-19 18:14:00,436 - root - ERROR - Error output: /Users/rg/Tsf/transparentSF/.venv/bin/python: can't open file '/Users/rg/Tsf/transparentSF/generate_metric_analysis.py': [Errno 2] No such file or directory

2025-03-19 18:14:01,439 - root - INFO - Processing metric 4/17: 4
2025-03-19 18:14:01,440 - root - INFO - Running analysis for metric ID: 4, period: both
2025-03-19 18:14:01,505 - root - ERROR - Error running analysis for metric ID: 4
2025-03-19 18:14:01,505 - root - ERROR - Error output: /Users/rg/Tsf/transparentSF/.venv/bin/python: can't open file '/Users/rg/Tsf/transparentSF/generate_metric_analysis.py': [Errno 2] No such file or directory

2025-03-19 18:14:02,506 - root - INFO - Processing metric 5/17: 5
2025-03-19 18:14:02,506 - root - INFO - Running analysis for metric ID: 5, period: both
2025-03-19 18:14:02,568 - root - ERROR - Error running analysis for metric ID: 5
2025-03-19 18:14:02,568 - root - ERROR - Error output: /Users/rg/Tsf/transparentSF/.venv/bin/python: can't open file '/Users/rg/Tsf/transparentSF/generate_metric_analysis.py': [Errno 2] No such file or directory

2025-03-19 18:14:03,569 - root - INFO - Processing metric 6/17: 6
2025-03-19 18:14:03,570 - root - INFO - Running analysis for metric ID: 6, period: both
2025-03-19 18:14:03,618 - root - ERROR - Error running analysis for metric ID: 6
2025-03-19 18:14:03,618 - root - ERROR - Error output: /Users/rg/Tsf/transparentSF/.venv/bin/python: can't open file '/Users/rg/Tsf/transparentSF/generate_metric_analysis.py': [Errno 2] No such file or directory

2025-03-19 18:14:04,623 - root - INFO - Processing metric 7/17: 7
2025-03-19 18:14:04,623 - root - INFO - Running analysis for metric ID: 7, period: both
2025-03-19 18:14:04,668 - root - ERROR - Error running analysis for metric ID: 7
2025-03-19 18:14:04,668 - root - ERROR - Error output: /Users/rg/Tsf/transparentSF/.venv/bin/python: can't open file '/Users/rg/Tsf/transparentSF/generate_metric_analysis.py': [Errno 2] No such file or directory

2025-03-19 18:14:05,673 - root - INFO - Processing metric 8/17: 8
2025-03-19 18:14:05,673 - root - INFO - Running analysis for metric ID: 8, period: both
2025-03-19 18:14:05,733 - root - ERROR - Error running analysis for metric ID: 8
2025-03-19 18:14:05,733 - root - ERROR - Error output: /Users/rg/Tsf/transparentSF/.venv/bin/python: can't open file '/Users/rg/Tsf/transparentSF/generate_metric_analysis.py': [Errno 2] No such file or directory

2025-03-19 18:14:06,739 - root - INFO - Processing metric 9/17: 9
2025-03-19 18:14:06,739 - root - INFO - Running analysis for metric ID: 9, period: both
2025-03-19 18:14:06,804 - root - ERROR - Error running analysis for metric ID: 9
2025-03-19 18:14:06,805 - root - ERROR - Error output: /Users/rg/Tsf/transparentSF/.venv/bin/python: can't open file '/Users/rg/Tsf/transparentSF/generate_metric_analysis.py': [Errno 2] No such file or directory

2025-03-19 18:14:07,810 - root - INFO - Processing metric 10/17: 10
2025-03-19 18:14:07,810 - root - INFO - Running analysis for metric ID: 10, period: both
2025-03-19 18:14:07,860 - root - ERROR - Error running analysis for metric ID: 10
2025-03-19 18:14:07,860 - root - ERROR - Error output: /Users/rg/Tsf/transparentSF/.venv/bin/python: can't open file '/Users/rg/Tsf/transparentSF/generate_metric_analysis.py': [Errno 2] No such file or directory

2025-03-19 18:14:08,866 - root - INFO - Processing metric 11/17: 11
2025-03-19 18:14:08,866 - root - INFO - Running analysis for metric ID: 11, period: both
2025-03-19 18:14:08,928 - root - ERROR - Error running analysis for metric ID: 11
2025-03-19 18:14:08,928 - root - ERROR - Error output: /Users/rg/Tsf/transparentSF/.venv/bin/python: can't open file '/Users/rg/Tsf/transparentSF/generate_metric_analysis.py': [Errno 2] No such file or directory

2025-03-19 18:14:09,934 - root - INFO - Processing metric 12/17: 12
2025-03-19 18:14:09,934 - root - INFO - Running analysis for metric ID: 12, period: both
2025-03-19 18:14:09,988 - root - ERROR - Error running analysis for metric ID: 12
2025-03-19 18:14:09,989 - root - ERROR - Error output: /Users/rg/Tsf/transparentSF/.venv/bin/python: can't open file '/Users/rg/Tsf/transparentSF/generate_metric_analysis.py': [Errno 2] No such file or directory

2025-03-19 18:14:10,994 - root - INFO - Processing metric 13/17: 13
2025-03-19 18:14:10,994 - root - INFO - Running analysis for metric ID: 13, period: both
2025-03-19 18:14:11,058 - root - ERROR - Error running analysis for metric ID: 13
2025-03-19 18:14:11,058 - root - ERROR - Error output: /Users/rg/Tsf/transparentSF/.venv/bin/python: can't open file '/Users/rg/Tsf/transparentSF/generate_metric_analysis.py': [Errno 2] No such file or directory

2025-03-19 18:14:12,061 - root - INFO - Processing metric 14/17: 14
2025-03-19 18:14:12,061 - root - INFO - Running analysis for metric ID: 14, period: both
2025-03-19 18:14:12,123 - root - ERROR - Error running analysis for metric ID: 14
2025-03-19 18:14:12,123 - root - ERROR - Error output: /Users/rg/Tsf/transparentSF/.venv/bin/python: can't open file '/Users/rg/Tsf/transparentSF/generate_metric_analysis.py': [Errno 2] No such file or directory

2025-03-19 18:14:13,125 - root - INFO - Processing metric 15/17: 15
2025-03-19 18:14:13,126 - root - INFO - Running analysis for metric ID: 15, period: both
2025-03-19 18:14:13,188 - root - ERROR - Error running analysis for metric ID: 15
2025-03-19 18:14:13,188 - root - ERROR - Error output: /Users/rg/Tsf/transparentSF/.venv/bin/python: can't open file '/Users/rg/Tsf/transparentSF/generate_metric_analysis.py': [Errno 2] No such file or directory

2025-03-19 18:14:14,193 - root - INFO - Processing metric 16/17: 16
2025-03-19 18:14:14,194 - root - INFO - Running analysis for metric ID: 16, period: both
2025-03-19 18:14:14,256 - root - ERROR - Error running analysis for metric ID: 16
2025-03-19 18:14:14,256 - root - ERROR - Error output: /Users/rg/Tsf/transparentSF/.venv/bin/python: can't open file '/Users/rg/Tsf/transparentSF/generate_metric_analysis.py': [Errno 2] No such file or directory

2025-03-19 18:14:15,260 - root - INFO - Processing metric 17/17: 17
2025-03-19 18:14:15,260 - root - INFO - Running analysis for metric ID: 17, period: both
2025-03-19 18:14:15,320 - root - ERROR - Error running analysis for metric ID: 17
2025-03-19 18:14:15,320 - root - ERROR - Error output: /Users/rg/Tsf/transparentSF/.venv/bin/python: can't open file '/Users/rg/Tsf/transparentSF/generate_metric_analysis.py': [Errno 2] No such file or directory

2025-03-19 18:14:16,321 - root - INFO - Completed all analyses. Successful: 0, Failed: 17
2025-03-19 18:16:21,024 - root - INFO - Starting analysis for all metrics
2025-03-19 18:16:21,025 - root - INFO - Loading enhanced dashboard queries from /Users/rg/Tsf/transparentSF/ai/data/dashboard/dashboard_queries_enhanced.json
2025-03-19 18:16:21,025 - root - INFO - Found 17 metrics to analyze
2025-03-19 18:16:21,025 - root - INFO - Processing metric 1/17: 1
2025-03-19 18:16:21,025 - root - INFO - Running analysis for metric ID: 1, period: both
2025-03-19 18:16:21,071 - root - ERROR - Error running analysis for metric ID: 1
2025-03-19 18:16:21,071 - root - ERROR - Error output: /Users/rg/Tsf/transparentSF/.venv/bin/python: can't open file '/Users/rg/Tsf/transparentSF/generate_metric_analysis.py': [Errno 2] No such file or directory

2025-03-19 18:16:22,074 - root - INFO - Processing metric 2/17: 2
2025-03-19 18:16:22,074 - root - INFO - Running analysis for metric ID: 2, period: both
2025-03-19 18:16:22,115 - root - ERROR - Error running analysis for metric ID: 2
2025-03-19 18:16:22,115 - root - ERROR - Error output: /Users/rg/Tsf/transparentSF/.venv/bin/python: can't open file '/Users/rg/Tsf/transparentSF/generate_metric_analysis.py': [Errno 2] No such file or directory

2025-03-19 18:16:23,120 - root - INFO - Processing metric 3/17: 3
2025-03-19 18:16:23,120 - root - INFO - Running analysis for metric ID: 3, period: both
2025-03-19 18:16:23,189 - root - ERROR - Error running analysis for metric ID: 3
2025-03-19 18:16:23,189 - root - ERROR - Error output: /Users/rg/Tsf/transparentSF/.venv/bin/python: can't open file '/Users/rg/Tsf/transparentSF/generate_metric_analysis.py': [Errno 2] No such file or directory

2025-03-19 18:16:24,195 - root - INFO - Processing metric 4/17: 4
2025-03-19 18:16:24,196 - root - INFO - Running analysis for metric ID: 4, period: both
2025-03-19 18:16:24,265 - root - ERROR - Error running analysis for metric ID: 4
2025-03-19 18:16:24,265 - root - ERROR - Error output: /Users/rg/Tsf/transparentSF/.venv/bin/python: can't open file '/Users/rg/Tsf/transparentSF/generate_metric_analysis.py': [Errno 2] No such file or directory

2025-03-19 18:16:25,270 - root - INFO - Processing metric 5/17: 5
2025-03-19 18:16:25,271 - root - INFO - Running analysis for metric ID: 5, period: both
2025-03-19 18:16:25,325 - root - ERROR - Error running analysis for metric ID: 5
2025-03-19 18:16:25,325 - root - ERROR - Error output: /Users/rg/Tsf/transparentSF/.venv/bin/python: can't open file '/Users/rg/Tsf/transparentSF/generate_metric_analysis.py': [Errno 2] No such file or directory

2025-03-19 18:16:26,326 - root - INFO - Processing metric 6/17: 6
2025-03-19 18:16:26,326 - root - INFO - Running analysis for metric ID: 6, period: both
2025-03-19 18:16:26,373 - root - ERROR - Error running analysis for metric ID: 6
2025-03-19 18:16:26,374 - root - ERROR - Error output: /Users/rg/Tsf/transparentSF/.venv/bin/python: can't open file '/Users/rg/Tsf/transparentSF/generate_metric_analysis.py': [Errno 2] No such file or directory

2025-03-19 18:16:27,379 - root - INFO - Processing metric 7/17: 7
2025-03-19 18:16:27,379 - root - INFO - Running analysis for metric ID: 7, period: both
2025-03-19 18:16:27,439 - root - ERROR - Error running analysis for metric ID: 7
2025-03-19 18:16:27,439 - root - ERROR - Error output: /Users/rg/Tsf/transparentSF/.venv/bin/python: can't open file '/Users/rg/Tsf/transparentSF/generate_metric_analysis.py': [Errno 2] No such file or directory

2025-03-19 18:16:28,444 - root - INFO - Processing metric 8/17: 8
2025-03-19 18:16:28,445 - root - INFO - Running analysis for metric ID: 8, period: both
2025-03-19 18:16:28,492 - root - ERROR - Error running analysis for metric ID: 8
2025-03-19 18:16:28,492 - root - ERROR - Error output: /Users/rg/Tsf/transparentSF/.venv/bin/python: can't open file '/Users/rg/Tsf/transparentSF/generate_metric_analysis.py': [Errno 2] No such file or directory

2025-03-19 18:16:29,497 - root - INFO - Processing metric 9/17: 9
2025-03-19 18:16:29,498 - root - INFO - Running analysis for metric ID: 9, period: both
2025-03-19 18:16:29,556 - root - ERROR - Error running analysis for metric ID: 9
2025-03-19 18:16:29,557 - root - ERROR - Error output: /Users/rg/Tsf/transparentSF/.venv/bin/python: can't open file '/Users/rg/Tsf/transparentSF/generate_metric_analysis.py': [Errno 2] No such file or directory

2025-03-19 18:16:30,562 - root - INFO - Processing metric 10/17: 10
2025-03-19 18:16:30,563 - root - INFO - Running analysis for metric ID: 10, period: both
2025-03-19 18:16:30,630 - root - ERROR - Error running analysis for metric ID: 10
2025-03-19 18:16:30,631 - root - ERROR - Error output: /Users/rg/Tsf/transparentSF/.venv/bin/python: can't open file '/Users/rg/Tsf/transparentSF/generate_metric_analysis.py': [Errno 2] No such file or directory

2025-03-19 18:16:31,633 - root - INFO - Processing metric 11/17: 11
2025-03-19 18:16:31,633 - root - INFO - Running analysis for metric ID: 11, period: both
2025-03-19 18:16:31,675 - root - ERROR - Error running analysis for metric ID: 11
2025-03-19 18:16:31,675 - root - ERROR - Error output: /Users/rg/Tsf/transparentSF/.venv/bin/python: can't open file '/Users/rg/Tsf/transparentSF/generate_metric_analysis.py': [Errno 2] No such file or directory

2025-03-19 18:16:32,680 - root - INFO - Processing metric 12/17: 12
2025-03-19 18:16:32,681 - root - INFO - Running analysis for metric ID: 12, period: both
2025-03-19 18:16:32,741 - root - ERROR - Error running analysis for metric ID: 12
2025-03-19 18:16:32,741 - root - ERROR - Error output: /Users/rg/Tsf/transparentSF/.venv/bin/python: can't open file '/Users/rg/Tsf/transparentSF/generate_metric_analysis.py': [Errno 2] No such file or directory

2025-03-19 18:16:33,747 - root - INFO - Processing metric 13/17: 13
2025-03-19 18:16:33,747 - root - INFO - Running analysis for metric ID: 13, period: both
2025-03-19 18:16:33,808 - root - ERROR - Error running analysis for metric ID: 13
2025-03-19 18:16:33,808 - root - ERROR - Error output: /Users/rg/Tsf/transparentSF/.venv/bin/python: can't open file '/Users/rg/Tsf/transparentSF/generate_metric_analysis.py': [Errno 2] No such file or directory

2025-03-19 18:16:34,813 - root - INFO - Processing metric 14/17: 14
2025-03-19 18:16:34,814 - root - INFO - Running analysis for metric ID: 14, period: both
2025-03-19 18:16:34,874 - root - ERROR - Error running analysis for metric ID: 14
2025-03-19 18:16:34,874 - root - ERROR - Error output: /Users/rg/Tsf/transparentSF/.venv/bin/python: can't open file '/Users/rg/Tsf/transparentSF/generate_metric_analysis.py': [Errno 2] No such file or directory

2025-03-19 18:16:35,880 - root - INFO - Processing metric 15/17: 15
2025-03-19 18:16:35,880 - root - INFO - Running analysis for metric ID: 15, period: both
2025-03-19 18:16:35,940 - root - ERROR - Error running analysis for metric ID: 15
2025-03-19 18:16:35,940 - root - ERROR - Error output: /Users/rg/Tsf/transparentSF/.venv/bin/python: can't open file '/Users/rg/Tsf/transparentSF/generate_metric_analysis.py': [Errno 2] No such file or directory

2025-03-19 18:16:36,946 - root - INFO - Processing metric 16/17: 16
2025-03-19 18:16:36,946 - root - INFO - Running analysis for metric ID: 16, period: both
2025-03-19 18:16:37,005 - root - ERROR - Error running analysis for metric ID: 16
2025-03-19 18:16:37,005 - root - ERROR - Error output: /Users/rg/Tsf/transparentSF/.venv/bin/python: can't open file '/Users/rg/Tsf/transparentSF/generate_metric_analysis.py': [Errno 2] No such file or directory

2025-03-19 18:16:38,009 - root - INFO - Processing metric 17/17: 17
2025-03-19 18:16:38,009 - root - INFO - Running analysis for metric ID: 17, period: both
2025-03-19 18:16:38,063 - root - ERROR - Error running analysis for metric ID: 17
2025-03-19 18:16:38,063 - root - ERROR - Error output: /Users/rg/Tsf/transparentSF/.venv/bin/python: can't open file '/Users/rg/Tsf/transparentSF/generate_metric_analysis.py': [Errno 2] No such file or directory

2025-03-19 18:16:39,068 - root - INFO - Completed all analyses. Successful: 0, Failed: 17
2025-03-19 18:17:19,865 - root - INFO - Starting analysis for all metrics
2025-03-19 18:17:19,866 - root - INFO - Loading enhanced dashboard queries from /Users/rg/Tsf/transparentSF/ai/data/dashboard/dashboard_queries_enhanced.json
2025-03-19 18:17:19,866 - root - INFO - Found 17 metrics to analyze
2025-03-19 18:17:19,866 - root - INFO - Processing metric 1/17: 1
2025-03-19 18:17:19,866 - root - INFO - Running analysis for metric ID: 1, period: both
2025-03-19 18:17:19,907 - root - ERROR - Error running analysis for metric ID: 1
2025-03-19 18:17:19,907 - root - ERROR - Error output: /Users/rg/Tsf/transparentSF/.venv/bin/python: can't open file '/Users/rg/Tsf/transparentSF/generate_metric_analysis.py': [Errno 2] No such file or directory

2025-03-19 18:17:20,912 - root - INFO - Processing metric 2/17: 2
2025-03-19 18:17:20,912 - root - INFO - Running analysis for metric ID: 2, period: both
2025-03-19 18:17:20,955 - root - ERROR - Error running analysis for metric ID: 2
2025-03-19 18:17:20,955 - root - ERROR - Error output: /Users/rg/Tsf/transparentSF/.venv/bin/python: can't open file '/Users/rg/Tsf/transparentSF/generate_metric_analysis.py': [Errno 2] No such file or directory

2025-03-19 18:17:21,956 - root - INFO - Processing metric 3/17: 3
2025-03-19 18:17:21,956 - root - INFO - Running analysis for metric ID: 3, period: both
2025-03-19 18:17:22,011 - root - ERROR - Error running analysis for metric ID: 3
2025-03-19 18:17:22,011 - root - ERROR - Error output: /Users/rg/Tsf/transparentSF/.venv/bin/python: can't open file '/Users/rg/Tsf/transparentSF/generate_metric_analysis.py': [Errno 2] No such file or directory

2025-03-19 18:17:23,015 - root - INFO - Processing metric 4/17: 4
2025-03-19 18:17:23,015 - root - INFO - Running analysis for metric ID: 4, period: both
2025-03-19 18:17:23,072 - root - ERROR - Error running analysis for metric ID: 4
2025-03-19 18:17:23,073 - root - ERROR - Error output: /Users/rg/Tsf/transparentSF/.venv/bin/python: can't open file '/Users/rg/Tsf/transparentSF/generate_metric_analysis.py': [Errno 2] No such file or directory

2025-03-19 18:17:24,078 - root - INFO - Processing metric 5/17: 5
2025-03-19 18:17:24,078 - root - INFO - Running analysis for metric ID: 5, period: both
2025-03-19 18:17:24,133 - root - ERROR - Error running analysis for metric ID: 5
2025-03-19 18:17:24,133 - root - ERROR - Error output: /Users/rg/Tsf/transparentSF/.venv/bin/python: can't open file '/Users/rg/Tsf/transparentSF/generate_metric_analysis.py': [Errno 2] No such file or directory

2025-03-19 18:17:25,138 - root - INFO - Processing metric 6/17: 6
2025-03-19 18:17:25,139 - root - INFO - Running analysis for metric ID: 6, period: both
2025-03-19 18:17:25,199 - root - ERROR - Error running analysis for metric ID: 6
2025-03-19 18:17:25,200 - root - ERROR - Error output: /Users/rg/Tsf/transparentSF/.venv/bin/python: can't open file '/Users/rg/Tsf/transparentSF/generate_metric_analysis.py': [Errno 2] No such file or directory

2025-03-19 18:17:26,205 - root - INFO - Processing metric 7/17: 7
2025-03-19 18:17:26,205 - root - INFO - Running analysis for metric ID: 7, period: both
2025-03-19 18:17:26,258 - root - ERROR - Error running analysis for metric ID: 7
2025-03-19 18:17:26,258 - root - ERROR - Error output: /Users/rg/Tsf/transparentSF/.venv/bin/python: can't open file '/Users/rg/Tsf/transparentSF/generate_metric_analysis.py': [Errno 2] No such file or directory

2025-03-19 18:17:27,262 - root - INFO - Processing metric 8/17: 8
2025-03-19 18:17:27,263 - root - INFO - Running analysis for metric ID: 8, period: both
2025-03-19 18:17:27,316 - root - ERROR - Error running analysis for metric ID: 8
2025-03-19 18:17:27,316 - root - ERROR - Error output: /Users/rg/Tsf/transparentSF/.venv/bin/python: can't open file '/Users/rg/Tsf/transparentSF/generate_metric_analysis.py': [Errno 2] No such file or directory

2025-03-19 18:17:28,317 - root - INFO - Processing metric 9/17: 9
2025-03-19 18:17:28,318 - root - INFO - Running analysis for metric ID: 9, period: both
2025-03-19 18:17:28,374 - root - ERROR - Error running analysis for metric ID: 9
2025-03-19 18:17:28,375 - root - ERROR - Error output: /Users/rg/Tsf/transparentSF/.venv/bin/python: can't open file '/Users/rg/Tsf/transparentSF/generate_metric_analysis.py': [Errno 2] No such file or directory

2025-03-19 18:17:29,380 - root - INFO - Processing metric 10/17: 10
2025-03-19 18:17:29,380 - root - INFO - Running analysis for metric ID: 10, period: both
2025-03-19 18:17:29,429 - root - ERROR - Error running analysis for metric ID: 10
2025-03-19 18:17:29,430 - root - ERROR - Error output: /Users/rg/Tsf/transparentSF/.venv/bin/python: can't open file '/Users/rg/Tsf/transparentSF/generate_metric_analysis.py': [Errno 2] No such file or directory

2025-03-19 18:17:30,435 - root - INFO - Processing metric 11/17: 11
2025-03-19 18:17:30,436 - root - INFO - Running analysis for metric ID: 11, period: both
2025-03-19 18:17:30,493 - root - ERROR - Error running analysis for metric ID: 11
2025-03-19 18:17:30,494 - root - ERROR - Error output: /Users/rg/Tsf/transparentSF/.venv/bin/python: can't open file '/Users/rg/Tsf/transparentSF/generate_metric_analysis.py': [Errno 2] No such file or directory

2025-03-19 18:17:31,499 - root - INFO - Processing metric 12/17: 12
2025-03-19 18:17:31,499 - root - INFO - Running analysis for metric ID: 12, period: both
2025-03-19 18:17:31,544 - root - ERROR - Error running analysis for metric ID: 12
2025-03-19 18:17:31,545 - root - ERROR - Error output: /Users/rg/Tsf/transparentSF/.venv/bin/python: can't open file '/Users/rg/Tsf/transparentSF/generate_metric_analysis.py': [Errno 2] No such file or directory

2025-03-19 18:17:32,550 - root - INFO - Processing metric 13/17: 13
2025-03-19 18:17:32,550 - root - INFO - Running analysis for metric ID: 13, period: both
2025-03-19 18:17:32,606 - root - ERROR - Error running analysis for metric ID: 13
2025-03-19 18:17:32,606 - root - ERROR - Error output: /Users/rg/Tsf/transparentSF/.venv/bin/python: can't open file '/Users/rg/Tsf/transparentSF/generate_metric_analysis.py': [Errno 2] No such file or directory

2025-03-19 18:17:33,608 - root - INFO - Processing metric 14/17: 14
2025-03-19 18:17:33,609 - root - INFO - Running analysis for metric ID: 14, period: both
2025-03-19 18:17:33,667 - root - ERROR - Error running analysis for metric ID: 14
2025-03-19 18:17:33,667 - root - ERROR - Error output: /Users/rg/Tsf/transparentSF/.venv/bin/python: can't open file '/Users/rg/Tsf/transparentSF/generate_metric_analysis.py': [Errno 2] No such file or directory

2025-03-19 18:17:34,672 - root - INFO - Processing metric 15/17: 15
2025-03-19 18:17:34,673 - root - INFO - Running analysis for metric ID: 15, period: both
2025-03-19 18:17:34,721 - root - ERROR - Error running analysis for metric ID: 15
2025-03-19 18:17:34,722 - root - ERROR - Error output: /Users/rg/Tsf/transparentSF/.venv/bin/python: can't open file '/Users/rg/Tsf/transparentSF/generate_metric_analysis.py': [Errno 2] No such file or directory

2025-03-19 18:17:35,727 - root - INFO - Processing metric 16/17: 16
2025-03-19 18:17:35,727 - root - INFO - Running analysis for metric ID: 16, period: both
2025-03-19 18:17:35,769 - root - ERROR - Error running analysis for metric ID: 16
2025-03-19 18:17:35,769 - root - ERROR - Error output: /Users/rg/Tsf/transparentSF/.venv/bin/python: can't open file '/Users/rg/Tsf/transparentSF/generate_metric_analysis.py': [Errno 2] No such file or directory

2025-03-19 18:17:51,853 - root - INFO - Starting analysis for all metrics
2025-03-19 18:17:51,853 - root - INFO - Loading enhanced dashboard queries from /Users/rg/Tsf/transparentSF/ai/data/dashboard/dashboard_queries_enhanced.json
2025-03-19 18:17:51,854 - root - INFO - Found 17 metrics to analyze
2025-03-19 18:17:51,854 - root - INFO - Processing metric 1/17: 1
2025-03-19 18:17:51,854 - root - INFO - Running analysis for metric ID: 1, period: both
2025-03-19 18:17:51,854 - root - INFO - Running command: python /Users/rg/Tsf/transparentSF/ai/generate_metric_analysis.py 1 --period both
2025-03-19 18:20:44,203 - root - INFO - Successfully completed analysis for metric ID: 1
2025-03-19 18:20:45,209 - root - INFO - Processing metric 2/17: 2
2025-03-19 18:20:45,209 - root - INFO - Running analysis for metric ID: 2, period: both
2025-03-19 18:20:45,209 - root - INFO - Running command: python /Users/rg/Tsf/transparentSF/ai/generate_metric_analysis.py 2 --period both
