2025-01-06 14:03:27,142 - INFO - Starting post aggregation process
2025-01-06 14:03:27,143 - INFO - Processing location: generated_posts/district_9
2025-01-06 14:03:27,143 - INFO - Processing generated_posts/district_9/public_safety_post.md
2025-01-06 14:03:27,143 - INFO - Processing generated_posts/district_9/economy_and_community_post.md
2025-01-06 14:03:27,144 - INFO - Processing generated_posts/district_9/health_and_social_services_post.md
2025-01-06 14:03:27,144 - INFO - Processing generated_posts/district_9/housing_post.md
2025-01-06 14:03:27,144 - INFO - Generating Ghost post for SF District 9 Analysis
2025-01-06 14:03:28,906 - INFO - Successfully created post: https://anomaloussf.replit.app/p/9ea5cde0-2f7d-4e82-858f-8165dee13f3d/
2025-01-06 14:03:28,907 - INFO - Completed post aggregation process
2025-01-06 14:05:33,041 - INFO - Starting post aggregation process
2025-01-06 14:05:33,042 - INFO - Processing location: generated_posts/district_9
2025-01-06 14:05:33,042 - INFO - Processing generated_posts/district_9/public_safety_post.md
2025-01-06 14:05:33,043 - ERROR - Error converting markdown to HTML: If the 'link-patterns' extra is used, an argument for 'link_patterns' is required
2025-01-06 14:05:33,043 - INFO - Processing generated_posts/district_9/economy_and_community_post.md
2025-01-06 14:05:33,043 - ERROR - Error converting markdown to HTML: If the 'link-patterns' extra is used, an argument for 'link_patterns' is required
2025-01-06 14:05:33,044 - INFO - Processing generated_posts/district_9/health_and_social_services_post.md
2025-01-06 14:05:33,044 - ERROR - Error converting markdown to HTML: If the 'link-patterns' extra is used, an argument for 'link_patterns' is required
2025-01-06 14:05:33,044 - INFO - Processing generated_posts/district_9/housing_post.md
2025-01-06 14:05:33,044 - ERROR - Error converting markdown to HTML: If the 'link-patterns' extra is used, an argument for 'link_patterns' is required
2025-01-06 14:05:33,045 - INFO - Generating Ghost post for SF District 9 Analysis
2025-01-06 14:05:33,799 - INFO - Successfully created post: https://anomaloussf.replit.app/p/9c9cab9a-c51c-4fae-be3b-d01a39ce609a/
2025-01-06 14:05:33,799 - INFO - Completed post aggregation process
2025-01-06 14:06:48,612 - INFO - Starting post aggregation process
2025-01-06 14:06:48,612 - INFO - Processing location: generated_posts/district_9
2025-01-06 14:06:48,613 - INFO - Processing generated_posts/district_9/public_safety_post.md
2025-01-06 14:06:48,615 - ERROR - Error converting markdown to HTML: unhashable type: 'dict'
2025-01-06 14:06:48,615 - INFO - Processing generated_posts/district_9/economy_and_community_post.md
2025-01-06 14:06:48,615 - ERROR - Error converting markdown to HTML: unhashable type: 'dict'
2025-01-06 14:06:48,616 - INFO - Processing generated_posts/district_9/health_and_social_services_post.md
2025-01-06 14:06:48,616 - ERROR - Error converting markdown to HTML: unhashable type: 'dict'
2025-01-06 14:06:48,616 - INFO - Processing generated_posts/district_9/housing_post.md
2025-01-06 14:06:48,617 - ERROR - Error converting markdown to HTML: unhashable type: 'dict'
2025-01-06 14:06:48,617 - INFO - Generating Ghost post for SF District 9 Analysis
2025-01-06 14:06:49,260 - INFO - Successfully created post: https://anomaloussf.replit.app/p/3c854630-5a61-4036-913d-b3bd47238491/
2025-01-06 14:06:49,261 - INFO - Completed post aggregation process
2025-01-06 14:07:28,091 - INFO - Starting post aggregation process
2025-01-06 14:07:28,091 - INFO - Processing location: generated_posts/district_9
2025-01-06 14:07:28,091 - INFO - Processing generated_posts/district_9/public_safety_post.md
2025-01-06 14:07:28,105 - INFO - Processing generated_posts/district_9/economy_and_community_post.md
2025-01-06 14:07:28,115 - INFO - Processing generated_posts/district_9/health_and_social_services_post.md
2025-01-06 14:07:28,142 - INFO - Processing generated_posts/district_9/housing_post.md
2025-01-06 14:07:28,149 - INFO - Generating Ghost post for SF District 9 Analysis
2025-01-06 14:07:30,493 - INFO - Successfully created post: https://anomaloussf.replit.app/p/a31cdb5a-8010-4729-97f2-f20d19a4ab52/
2025-01-06 14:07:30,493 - INFO - Completed post aggregation process
2025-01-06 14:10:09,282 - INFO - Starting post aggregation process
2025-01-06 14:10:09,283 - INFO - Processing location: generated_posts/district_9
2025-01-06 14:10:09,283 - INFO - Processing generated_posts/district_9/public_safety_post.md
2025-01-06 14:10:09,295 - INFO - Processing generated_posts/district_9/economy_and_community_post.md
2025-01-06 14:10:09,305 - INFO - Processing generated_posts/district_9/health_and_social_services_post.md
2025-01-06 14:10:09,317 - INFO - Processing generated_posts/district_9/housing_post.md
2025-01-06 14:10:09,322 - INFO - Generating Ghost post for SF District 9 Analysis
2025-01-06 14:10:11,745 - INFO - Successfully created post: https://anomaloussf.replit.app/p/375df16f-db5c-4c75-8e32-7005b989eb4a/
2025-01-06 14:10:11,745 - INFO - Processing location: generated_posts/district_7
2025-01-06 14:10:11,746 - INFO - Processing generated_posts/district_7/public_safety_post.md
2025-01-06 14:10:11,750 - INFO - Processing generated_posts/district_7/economy_and_community_post.md
2025-01-06 14:10:11,756 - INFO - Processing generated_posts/district_7/health_and_social_services_post.md
2025-01-06 14:10:11,762 - INFO - Processing generated_posts/district_7/housing_post.md
2025-01-06 14:10:11,766 - INFO - Generating Ghost post for SF District 7 Analysis
2025-01-06 14:10:13,085 - INFO - Successfully created post: https://anomaloussf.replit.app/p/3df78b70-fc9a-4bd8-b8a6-66ec7b285fd4/
2025-01-06 14:10:13,087 - INFO - Processing location: generated_posts/district_1
2025-01-06 14:10:13,087 - INFO - Processing generated_posts/district_1/public_safety_post.md
2025-01-06 14:10:13,095 - INFO - Processing generated_posts/district_1/economy_and_community_post.md
2025-01-06 14:10:13,103 - INFO - Processing generated_posts/district_1/health_and_social_services_post.md
2025-01-06 14:10:13,108 - INFO - Processing generated_posts/district_1/housing_post.md
2025-01-06 14:10:13,114 - INFO - Generating Ghost post for SF District 1 Analysis
2025-01-06 14:10:13,668 - INFO - Successfully created post: https://anomaloussf.replit.app/p/a7f0c9cf-7418-41bf-86e1-a1e4895b3d41/
2025-01-06 14:10:13,669 - INFO - Processing location: generated_posts/district_6
2025-01-06 14:10:13,669 - INFO - Processing generated_posts/district_6/public_safety_post.md
2025-01-06 14:10:13,675 - INFO - Processing generated_posts/district_6/economy_and_community_post.md
2025-01-06 14:10:13,681 - INFO - Processing generated_posts/district_6/health_and_social_services_post.md
2025-01-06 14:10:13,687 - INFO - Processing generated_posts/district_6/housing_post.md
2025-01-06 14:10:13,691 - INFO - Generating Ghost post for SF District 6 Analysis
2025-01-06 14:10:14,931 - INFO - Successfully created post: https://anomaloussf.replit.app/p/7b2f7a5b-4927-48de-b134-283eb3af7263/
2025-01-06 14:10:14,931 - INFO - Processing location: generated_posts/district_8
2025-01-06 14:10:14,932 - INFO - Processing generated_posts/district_8/public_safety_post.md
2025-01-06 14:10:14,937 - INFO - Processing generated_posts/district_8/economy_and_community_post.md
2025-01-06 14:10:14,942 - INFO - Processing generated_posts/district_8/health_and_social_services_post.md
2025-01-06 14:10:14,947 - INFO - Processing generated_posts/district_8/housing_post.md
2025-01-06 14:10:14,952 - INFO - Generating Ghost post for SF District 8 Analysis
2025-01-06 14:10:16,526 - INFO - Successfully created post: https://anomaloussf.replit.app/p/96c48ed0-4bd5-4b54-9328-2e46e5a48928/
2025-01-06 14:10:16,532 - INFO - Processing location: generated_posts/citywide
2025-01-06 14:10:16,533 - INFO - Processing generated_posts/citywide/public_safety_post.md
2025-01-06 14:10:16,548 - INFO - Processing generated_posts/citywide/economy_and_community_post.md
2025-01-06 14:10:16,557 - INFO - Processing generated_posts/citywide/health_and_social_services_post.md
2025-01-06 14:10:16,567 - INFO - Processing generated_posts/citywide/housing_post.md
2025-01-06 14:10:16,575 - INFO - Generating Ghost post for SF Citywide Analysis
2025-01-06 14:10:17,857 - INFO - Successfully created post: https://anomaloussf.replit.app/p/6e799832-3c06-488a-bf0c-b5376b0ff36d/
2025-01-06 14:10:17,858 - INFO - Processing location: generated_posts/district_3
2025-01-06 14:10:17,858 - INFO - Processing generated_posts/district_3/public_safety_post.md
2025-01-06 14:10:17,873 - INFO - Processing generated_posts/district_3/economy_and_community_post.md
2025-01-06 14:10:17,885 - INFO - Processing generated_posts/district_3/health_and_social_services_post.md
2025-01-06 14:10:17,891 - INFO - Processing generated_posts/district_3/housing_post.md
2025-01-06 14:10:17,898 - INFO - Generating Ghost post for SF District 3 Analysis
2025-01-06 14:10:19,448 - INFO - Successfully created post: https://anomaloussf.replit.app/p/60561345-74e7-4087-a899-3125c79cb867/
2025-01-06 14:10:19,449 - INFO - Processing location: generated_posts/district_4
2025-01-06 14:10:19,449 - INFO - Processing generated_posts/district_4/public_safety_post.md
2025-01-06 14:10:19,466 - INFO - Processing generated_posts/district_4/economy_and_community_post.md
2025-01-06 14:10:19,471 - INFO - Processing generated_posts/district_4/health_and_social_services_post.md
2025-01-06 14:10:19,483 - INFO - Processing generated_posts/district_4/housing_post.md
2025-01-06 14:10:19,489 - INFO - Generating Ghost post for SF District 4 Analysis
2025-01-06 14:10:20,719 - INFO - Successfully created post: https://anomaloussf.replit.app/p/e101edd2-0415-4f91-ad55-577f3b18dc40/
2025-01-06 14:10:20,719 - INFO - Processing location: generated_posts/district_5
2025-01-06 14:10:20,719 - INFO - Processing generated_posts/district_5/public_safety_post.md
2025-01-06 14:10:20,725 - INFO - Processing generated_posts/district_5/economy_and_community_post.md
2025-01-06 14:10:20,733 - INFO - Processing generated_posts/district_5/health_and_social_services_post.md
2025-01-06 14:10:20,738 - INFO - Processing generated_posts/district_5/housing_post.md
2025-01-06 14:10:20,742 - INFO - Generating Ghost post for SF District 5 Analysis
2025-01-06 14:10:22,444 - INFO - Successfully created post: https://anomaloussf.replit.app/p/ede777f7-fd7f-4be7-9230-867db08a4eda/
2025-01-06 14:10:22,445 - INFO - Processing location: generated_posts/district_2
2025-01-06 14:10:22,445 - INFO - Processing generated_posts/district_2/public_safety_post.md
2025-01-06 14:10:22,453 - INFO - Processing generated_posts/district_2/economy_and_community_post.md
2025-01-06 14:10:22,457 - INFO - Processing generated_posts/district_2/health_and_social_services_post.md
2025-01-06 14:10:22,467 - INFO - Processing generated_posts/district_2/housing_post.md
2025-01-06 14:10:22,472 - INFO - Generating Ghost post for SF District 2 Analysis
2025-01-06 14:10:24,963 - INFO - Successfully created post: https://anomaloussf.replit.app/p/4c3da99c-b7f3-435c-8d5e-7e76349843c5/
2025-01-06 14:10:24,963 - INFO - Processing location: generated_posts/district_10
2025-01-06 14:10:24,963 - INFO - Processing generated_posts/district_10/public_safety_post.md
2025-01-06 14:10:24,969 - INFO - Processing generated_posts/district_10/economy_and_community_post.md
2025-01-06 14:10:24,972 - INFO - Processing generated_posts/district_10/health_and_social_services_post.md
2025-01-06 14:10:24,976 - INFO - Processing generated_posts/district_10/housing_post.md
2025-01-06 14:10:24,979 - INFO - Generating Ghost post for SF District 10 Analysis
2025-01-06 14:10:25,897 - INFO - Successfully created post: https://anomaloussf.replit.app/p/39df3383-279c-4351-a0c3-4123f0c39ce2/
2025-01-06 14:10:25,897 - INFO - Processing location: generated_posts/district_11
2025-01-06 14:10:25,897 - INFO - Processing generated_posts/district_11/public_safety_post.md
2025-01-06 14:10:25,903 - INFO - Processing generated_posts/district_11/economy_and_community_post.md
2025-01-06 14:10:25,908 - INFO - Processing generated_posts/district_11/health_and_social_services_post.md
2025-01-06 14:10:25,914 - INFO - Processing generated_posts/district_11/housing_post.md
2025-01-06 14:10:25,918 - INFO - Generating Ghost post for SF District 11 Analysis
2025-01-06 14:10:27,030 - INFO - Successfully created post: https://anomaloussf.replit.app/p/d7297bed-5aaa-4f05-ba75-741d110ae404/
2025-01-06 14:10:27,030 - INFO - Completed post aggregation process
